

***********************************************************************
Fatal NI connect error 12203, connecting to:
 (DESCRIPTION=(ADDRESS_LIST=(ADDRESS=(PROTOCOL=TCP)(HOST=192.168.10.124)(PORT=1521)))(CONNECT_DATA=(SERVICE_NAME=KOMBI)(CID=(PROGRAM=C:\orant\BIN\ifrun60.EXE)(HOST=TBREHIMA)(USER=TBREHIMA))))

  VERSION INFORMATION:
	TNS for 32-bit Windows: Version 8.0.6.0.0 - Production
	Windows NT TCP/IP NT Protocol Adapter for 32-bit Windows: Version 8.0.6.0.0 - Production
  Time: 28-APR-14 14:20:34
  Tracing not turned on.
  Tns error struct:
    nr err code: 12203
    TNS-12203: TNS:unable to connect to destination
    ns main err code: 12535
    TNS-12535: TNS:operation timed out
    ns secondary err code: 12560
    nt main err code: 505
    TNS-00505: Operation timed out
    nt secondary err code: 60
    nt OS err code: 0


***********************************************************************
Fatal NI connect error 12224, connecting to:
 (DESCRIPTION=(ADDRESS=(PROTOCOL=TCP)(HOST=TBREHIMA)(PORT=1522))(CONNECT_DATA=(SERVICE_NAME=GESCLI)(CID=(PROGRAM=C:\orant\BIN\ifrun60.EXE)(HOST=TBREHIMA)(USER=TBREHIMA))))

  VERSION INFORMATION:
	TNS for 32-bit Windows: Version 8.0.6.0.0 - Production
	Windows NT TCP/IP NT Protocol Adapter for 32-bit Windows: Version 8.0.6.0.0 - Production
  Time: 28-APR-14 14:20:35
  Tracing not turned on.
  Tns error struct:
    nr err code: 12224
    TNS-12224: TNS:no listener
    ns main err code: 12541
    TNS-12541: TNS:no listener
    ns secondary err code: 12560
    nt main err code: 511
    TNS-00511: No listener
    nt secondary err code: 61
    nt OS err code: 0


***********************************************************************
Fatal NI connect error 12224, connecting to:
 (DESCRIPTION=(ADDRESS=(PROTOCOL=TCP)(HOST=TBREHIMA)(PORT=1522))(CONNECT_DATA=(SERVICE_NAME=GESCLI)(CID=(PROGRAM=C:\orant\BIN\ifrun60.EXE)(HOST=TBREHIMA)(USER=TBREHIMA))))

  VERSION INFORMATION:
	TNS for 32-bit Windows: Version 8.0.6.0.0 - Production
	Windows NT TCP/IP NT Protocol Adapter for 32-bit Windows: Version 8.0.6.0.0 - Production
  Time: 28-APR-14 14:20:36
  Tracing not turned on.
  Tns error struct:
    nr err code: 12224
    TNS-12224: TNS:no listener
    ns main err code: 12541
    TNS-12541: TNS:no listener
    ns secondary err code: 12560
    nt main err code: 511
    TNS-00511: No listener
    nt secondary err code: 61
    nt OS err code: 0
