
Starting report MissionA [Tue Feb 14 09:49:03 2006] ...
End report MissionA [Tue Feb 14 09:49:21 2006].

Starting report Mission [Tue Feb 14 09:54:51 2006] ...
End report Mission [Tue Feb 14 09:55:12 2006].

Starting report Mission [Wed Feb 15 15:32:05 2006] ...
End report Mission [Wed Feb 15 15:34:03 2006].

Starting report Mission [Wed Feb 15 15:34:37 2006] ...
End report Mission [Wed Feb 15 15:35:16 2006].

Starting report MissionA [Wed Feb 15 15:35:27 2006] ...
End report MissionA [Wed Feb 15 15:36:21 2006].

Starting report Mission [Mon Feb 20 10:42:15 2006] ...
End report Mission [Mon Feb 20 10:44:11 2006].

Starting report Mission [Mon Feb 20 10:45:24 2006] ...
End report Mission [Mon Feb 20 10:46:51 2006].

Starting report Mission [Mon Feb 20 10:48:14 2006] ...
End report Mission [Mon Feb 20 10:49:10 2006].

Starting report Mission [Mon Feb 20 16:48:20 2006] ...
End report Mission [Mon Feb 20 16:48:39 2006].

Starting report MissionA [Mon Feb 20 16:49:02 2006] ...
End report MissionA [Mon Feb 20 16:49:14 2006].

Starting report MissionA [Mon Feb 20 16:50:26 2006] ...
End report MissionA [Mon Feb 20 16:50:33 2006].

Starting report MissionA [Mon Feb 20 16:50:48 2006] ...
End report MissionA [Mon Feb 20 16:50:57 2006].

Starting report MissionA [Mon Feb 20 16:51:18 2006] ...
End report MissionA [Mon Feb 20 16:51:30 2006].

Starting report MissionA [Mon Feb 20 16:56:47 2006] ...
End report MissionA [Mon Feb 20 16:56:54 2006].

Starting report Mission [Mon Feb 20 17:02:52 2006] ...
End report Mission [Mon Feb 20 17:03:05 2006].

Starting report Mission [Mon Feb 20 17:11:36 2006] ...
End report Mission [Mon Feb 20 17:11:50 2006].

Starting report Mission [Mon Feb 20 17:15:42 2006] ...
End report Mission [Mon Feb 20 17:16:27 2006].

Starting report Mission [Mon Feb 20 17:41:37 2006] ...
End report Mission [Mon Feb 20 17:41:46 2006].

Starting report MissionA [Mon Feb 20 17:42:08 2006] ...
End report MissionA [Mon Feb 20 17:42:14 2006].

Starting report Mission [Mon Feb 20 17:42:38 2006] ...
End report Mission [Mon Feb 20 17:43:03 2006].

Starting report Mission [Tue Feb 21 09:42:38 2006] ...
End report Mission [Tue Feb 21 09:43:29 2006].

Starting report Mission [Tue Feb 21 09:47:46 2006] ...
End report Mission [Tue Feb 21 09:49:24 2006].

Starting report Mission [Tue Feb 21 09:56:14 2006] ...
End report Mission [Tue Feb 21 09:58:36 2006].

Starting report Mission [Wed Feb 22 15:38:56 2006] ...
End report Mission [Wed Feb 22 15:39:07 2006].

Starting report Mission [Thu Mar 02 07:24:40 2006] ...
End report Mission [Thu Mar 02 07:24:58 2006].

Starting report Mission [Thu Mar 02 07:28:12 2006] ...
End report Mission [Thu Mar 02 07:28:29 2006].

Starting report Mission [Thu Mar 02 07:29:09 2006] ...
End report Mission [Thu Mar 02 07:29:22 2006].

Starting report MissionA [Thu Mar 02 07:31:39 2006] ...
End report MissionA [Thu Mar 02 07:34:21 2006].

Starting report MissionA [Thu Mar 02 07:34:40 2006] ...
End report MissionA [Thu Mar 02 07:34:54 2006].

Starting report MissionA [Thu Mar 02 07:35:05 2006] ...
End report MissionA [Thu Mar 02 07:36:00 2006].

Starting report Mission [Thu Mar 02 07:36:13 2006] ...
End report Mission [Thu Mar 02 07:36:27 2006].

Starting report Mission [Thu Mar 02 07:37:44 2006] ...
End report Mission [Thu Mar 02 07:38:31 2006].

Starting report PIECE_DEPENSE [Thu Mar 02 07:49:27 2006] ...
End report PIECE_DEPENSE [Thu Mar 02 07:49:47 2006].

Starting report PIECE_DEPENSE [Thu Mar 02 07:50:18 2006] ...
End report PIECE_DEPENSE [Thu Mar 02 07:50:44 2006].

Starting report PIECE_DEPENSE [Thu Mar 02 07:51:24 2006] ...
End report PIECE_DEPENSE [Thu Mar 02 07:51:38 2006].

Starting report PIECE_DEPENSE [Thu Mar 02 07:52:31 2006] ...
End report PIECE_DEPENSE [Thu Mar 02 07:55:37 2006].

Starting report PIECE_DEPENSE [Thu Mar 02 07:56:22 2006] ...
End report PIECE_DEPENSE [Thu Mar 02 07:56:29 2006].

Starting report PIECE_DEPENSE [Thu Mar 02 07:56:44 2006] ...
End report PIECE_DEPENSE [Thu Mar 02 07:57:25 2006].

Starting report PIECE_DEPENSE [Sat Mar 18 10:45:44 2006] ...
End report PIECE_DEPENSE [Sat Mar 18 10:46:03 2006].

Starting report PIECE_DEPENSE [Sat Mar 18 10:52:26 2006] ...
REP-1401: 'chiffre_lettreformula': Fatal PL/SQL error occurred.
REP-0594: No report output generated.
End report PIECE_DEPENSE [Sat Mar 18 10:52:42 2006].

Starting report PIECE_DEPENSE [Sat Mar 18 10:54:29 2006] ...
REP-1401: 'chiffre_lettreformula': Fatal PL/SQL error occurred.
REP-0594: No report output generated.
End report PIECE_DEPENSE [Sat Mar 18 10:54:34 2006].

Starting report PIECE_DEPENSE [Sat Mar 18 10:55:02 2006] ...
REP-1401: 'chiffre_lettreformula': Fatal PL/SQL error occurred.
REP-0594: No report output generated.
End report PIECE_DEPENSE [Sat Mar 18 10:55:13 2006].

Starting report PIECE_DEPENSE [Sat Mar 18 10:57:20 2006] ...
REP-1401: 'chiffre_lettreformula': Fatal PL/SQL error occurred.
REP-0594: No report output generated.
End report PIECE_DEPENSE [Sat Mar 18 10:57:23 2006].

Starting report PIECE_DEPENSE [Sat Mar 18 11:09:21 2006] ...
REP-1401: 'chiffre_lettreformula': Fatal PL/SQL error occurred.
REP-0594: No report output generated.
End report PIECE_DEPENSE [Sat Mar 18 11:09:30 2006].

Starting report PIECE_DEPENSE [Sat Mar 18 11:12:41 2006] ...
REP-1401: 'chiffre_lettreformula': Fatal PL/SQL error occurred.
REP-0594: No report output generated.
End report PIECE_DEPENSE [Sat Mar 18 11:12:43 2006].

Starting report PIECE_DEPENSE [Sat Mar 18 11:13:09 2006] ...
REP-1401: 'chiffre_lettreformula': Fatal PL/SQL error occurred.
REP-0594: No report output generated.
End report PIECE_DEPENSE [Sat Mar 18 11:13:12 2006].

Starting report PIECE_DEPENSE [Sat Mar 18 11:13:26 2006] ...
REP-1401: 'chiffre_lettreformula': Fatal PL/SQL error occurred.
REP-0594: No report output generated.
End report PIECE_DEPENSE [Sat Mar 18 11:13:29 2006].

Starting report PIECE_DEPENSE [Sat Mar 18 11:14:07 2006] ...
REP-1401: 'chiffre_lettreformula': Fatal PL/SQL error occurred.
REP-0594: No report output generated.
End report PIECE_DEPENSE [Sat Mar 18 11:14:10 2006].

Starting report PIECE_DEPENSE [Sat Mar 18 11:18:05 2006] ...
End report PIECE_DEPENSE [Sat Mar 18 11:18:12 2006].

Starting report PIECE_DEPENSE [Sat Mar 18 11:21:06 2006] ...
REP-1401: 'chiffre_lettreformula': Fatal PL/SQL error occurred.
REP-0594: No report output generated.
End report PIECE_DEPENSE [Sat Mar 18 11:21:09 2006].

Starting report PIECE_DEPENSE [Sat Mar 18 11:21:27 2006] ...
End report PIECE_DEPENSE [Sat Mar 18 11:21:34 2006].

Starting report ETAT_MISSION_ANNULEES [Sat Mar 18 11:32:13 2006] ...
End report ETAT_MISSION_ANNULEES [Sat Mar 18 11:32:15 2006].

Starting report ETAT_MISSION_A_CLOTURER [Sat Mar 18 11:32:16 2006] ...
End report ETAT_MISSION_A_CLOTURER [Sat Mar 18 11:32:19 2006].

Starting report ETAT_MISSION_A_VALIDER [Sat Mar 18 11:32:20 2006] ...
End report ETAT_MISSION_A_VALIDER [Sat Mar 18 11:32:21 2006].

Starting report ETAT_MISSION_A_CLOTURER [Sat Mar 18 11:32:23 2006] ...
End report ETAT_MISSION_A_CLOTURER [Sat Mar 18 11:32:25 2006].

Starting report ETAT_MISSION_A_VALIDER [Sat Mar 18 11:32:26 2006] ...
End report ETAT_MISSION_A_VALIDER [Sat Mar 18 11:32:28 2006].

Starting report ETAT_MISSION_A_VALIDER [Sat Mar 18 11:32:40 2006] ...
End report ETAT_MISSION_A_VALIDER [Sat Mar 18 11:32:47 2006].

Starting report ETAT_MISSION_ANNULEES [Sat Mar 18 11:50:13 2006] ...
End report ETAT_MISSION_ANNULEES [Sat Mar 18 11:50:15 2006].

Starting report ETAT_MISSION_A_CLOTURER [Sat Mar 18 11:50:16 2006] ...
End report ETAT_MISSION_A_CLOTURER [Sat Mar 18 11:50:17 2006].

Starting report ETAT_MISSION_A_VALIDER [Sat Mar 18 11:50:18 2006] ...
End report ETAT_MISSION_A_VALIDER [Sat Mar 18 11:50:19 2006].

Starting report Mission [Mon Mar 20 14:12:50 2006] ...
End report Mission [Mon Mar 20 14:13:24 2006].

Starting report Mission [Mon Mar 20 14:13:27 2006] ...
End report Mission [Mon Mar 20 14:13:37 2006].

Starting report ETAT_MISSION_ANNULEES [Mon Mar 20 14:14:07 2006] ...
End report ETAT_MISSION_ANNULEES [Mon Mar 20 14:14:10 2006].

Starting report ETAT_MISSION_A_CLOTURER [Mon Mar 20 14:14:12 2006] ...
End report ETAT_MISSION_A_CLOTURER [Mon Mar 20 14:14:14 2006].

Starting report ETAT_MISSION_A_VALIDER [Mon Mar 20 14:14:16 2006] ...
End report ETAT_MISSION_A_VALIDER [Mon Mar 20 14:14:25 2006].

Starting report ETAT_MISSION_A_VALIDER [Mon Mar 20 14:14:34 2006] ...
End report ETAT_MISSION_A_VALIDER [Mon Mar 20 14:14:37 2006].

Starting report ETAT_MISSION_A_VALIDER [Mon Mar 20 14:17:39 2006] ...
End report ETAT_MISSION_A_VALIDER [Mon Mar 20 14:17:44 2006].

Starting report ETAT_MISSION_A_CLOTURER [Mon Mar 20 14:18:25 2006] ...
End report ETAT_MISSION_A_CLOTURER [Mon Mar 20 14:18:27 2006].

Starting report ETAT_MISSION_ANNULEES [Mon Mar 20 14:18:28 2006] ...
End report ETAT_MISSION_ANNULEES [Mon Mar 20 14:18:30 2006].

Starting report ETAT_MISSION_ANNULEES [Mon Mar 20 14:19:00 2006] ...
End report ETAT_MISSION_ANNULEES [Mon Mar 20 14:19:03 2006].

Starting report ETAT_MISSION_A_CLOTURER [Mon Mar 20 14:19:04 2006] ...
End report ETAT_MISSION_A_CLOTURER [Mon Mar 20 14:19:06 2006].

Starting report ETAT_MISSION_A_VALIDER [Mon Mar 20 14:19:07 2006] ...
End report ETAT_MISSION_A_VALIDER [Mon Mar 20 14:19:09 2006].

Starting report ETAT_MISSION_A_VALIDER [Mon Mar 20 14:20:21 2006] ...
End report ETAT_MISSION_A_VALIDER [Mon Mar 20 14:20:23 2006].

Starting report ETAT_MISSION_A_CLOTURER [Mon Mar 20 14:20:24 2006] ...
End report ETAT_MISSION_A_CLOTURER [Mon Mar 20 14:20:26 2006].

Starting report ETAT_MISSION_ANNULEES [Mon Mar 20 14:20:28 2006] ...
End report ETAT_MISSION_ANNULEES [Mon Mar 20 14:20:29 2006].

Starting report PIECE_DEPENSE [Mon Mar 20 14:21:45 2006] ...
End report PIECE_DEPENSE [Mon Mar 20 14:22:04 2006].

Starting report ETAT_MISSION_A_CLOTURER [Mon Mar 20 14:22:16 2006] ...
End report ETAT_MISSION_A_CLOTURER [Mon Mar 20 14:22:19 2006].

Starting report ETAT_MISSION_ANNULEES [Mon Mar 20 14:22:20 2006] ...
End report ETAT_MISSION_ANNULEES [Mon Mar 20 14:22:22 2006].

Starting report ETAT_MISSION_A_VALIDER [Mon Mar 20 14:22:23 2006] ...
End report ETAT_MISSION_A_VALIDER [Mon Mar 20 14:22:24 2006].

Starting report ETAT_MISSION_A_VALIDER [Mon Mar 20 14:23:19 2006] ...
End report ETAT_MISSION_A_VALIDER [Mon Mar 20 14:23:21 2006].

Starting report PIECE_DEPENSE [Mon Mar 20 14:23:36 2006] ...
End report PIECE_DEPENSE [Mon Mar 20 14:23:44 2006].

Starting report ETAT_MISSION_A_VALIDER [Mon Mar 20 16:15:48 2006] ...
End report ETAT_MISSION_A_VALIDER [Mon Mar 20 16:15:54 2006].

Starting report ETAT_MISSION_A_GENERER [Mon Mar 20 16:19:03 2006] ...
End report ETAT_MISSION_A_GENERER [Mon Mar 20 16:19:07 2006].

Starting report ETAT_MISSION_A_GENERER [Mon Mar 20 16:19:39 2006] ...
End report ETAT_MISSION_A_GENERER [Mon Mar 20 16:19:42 2006].

Starting report MISSION_CHAUFFEUR [Tue Mar 21 16:58:23 2006] ...
End report MISSION_CHAUFFEUR [Tue Mar 21 16:58:37 2006].

Starting report NE_MISSION_CHAUFFEUR [Tue Mar 21 16:58:38 2006] ...
End report NE_MISSION_CHAUFFEUR [Tue Mar 21 16:58:43 2006].

Starting report NE_MISSION_CHAUFFEUR [Tue Mar 21 16:58:51 2006] ...
End report NE_MISSION_CHAUFFEUR [Tue Mar 21 16:59:01 2006].

Starting report MISSION_CHAUFFEUR [Wed Mar 22 07:05:36 2006] ...
End report MISSION_CHAUFFEUR [Wed Mar 22 07:06:40 2006].

Starting report NE_MISSION_CHAUFFEUR [Wed Mar 22 07:06:42 2006] ...
End report NE_MISSION_CHAUFFEUR [Wed Mar 22 07:08:26 2006].

Starting report NE_MISSION_CHAUFFEUR [Wed Mar 22 07:09:30 2006] ...
End report NE_MISSION_CHAUFFEUR [Wed Mar 22 07:09:36 2006].

Starting report FACTURE_AVOIR [Wed Mar 22 08:33:08 2006] ...
End report FACTURE_AVOIR [Wed Mar 22 08:35:25 2006].

Starting report FACTURE_AVOIR_DEP [Wed Mar 22 08:39:35 2006] ...
End report FACTURE_AVOIR_DEP [Wed Mar 22 08:40:58 2006].

Starting report MISSION_CHAUFFEUR [Wed Mar 22 09:01:37 2006] ...
End report MISSION_CHAUFFEUR [Wed Mar 22 09:02:06 2006].

Starting report Mission [Wed Mar 22 16:45:56 2006] ...
End report Mission [Wed Mar 22 16:48:13 2006].

Starting report Mission [Wed Mar 22 16:48:16 2006] ...
End report Mission [Wed Mar 22 16:48:37 2006].

Starting report Mission [Wed Mar 22 16:49:19 2006] ...
End report Mission [Wed Mar 22 16:49:49 2006].

Starting report Mission [Wed Mar 22 16:50:10 2006] ...
End report Mission [Wed Mar 22 16:54:30 2006].

Starting report Mission [Wed Mar 22 16:54:32 2006] ...
End report Mission [Wed Mar 22 16:56:09 2006].

Starting report Mission [Wed Mar 22 16:56:24 2006] ...
End report Mission [Wed Mar 22 17:01:47 2006].

Starting report Mission [Wed Mar 22 17:02:49 2006] ...
End report Mission [Wed Mar 22 17:06:22 2006].

Starting report Mission [Wed Mar 22 17:29:39 2006] ...
End report Mission [Wed Mar 22 17:33:32 2006].

Starting report LISTE_AGENTS [Thu Mar 23 08:32:56 2006] ...
End report LISTE_AGENTS [Thu Mar 23 08:33:42 2006].

Starting report Mission [Thu Mar 23 15:33:41 2006] ...
End report Mission [Thu Mar 23 15:41:54 2006].

Starting report LISTE_AGENTS [Thu Mar 23 15:48:46 2006] ...
REP-0099: Report is aborted upon user request.
REP-0099: Report is aborted upon user request.
End report LISTE_AGENTS [Thu Mar 23 15:49:33 2006].

Starting report LISTE_AGENTS [Thu Mar 23 15:50:06 2006] ...

Error submitting report [Thu Mar 23 15:55:25 2006] ...
REP-0060: Unable to run synchronous job concurrently with another report.
End report LISTE_AGENTS [Thu Mar 23 15:55:36 2006].

Starting report Mission [Thu Mar 23 15:55:45 2006] ...
End report Mission [Thu Mar 23 15:58:45 2006].

Starting report LISTE_AGENTS [Thu Mar 23 16:01:46 2006] ...
End report LISTE_AGENTS [Thu Mar 23 16:02:38 2006].

Starting report Mission [Thu Mar 23 16:04:52 2006] ...
End report Mission [Thu Mar 23 16:05:54 2006].

Starting report LISTE_AGENTS [Thu Mar 23 16:09:53 2006] ...
End report LISTE_AGENTS [Thu Mar 23 16:10:52 2006].

Starting report Mission [Thu Mar 23 16:12:51 2006] ...
End report Mission [Thu Mar 23 16:13:52 2006].

Starting report LISTE_AGENTS [Thu Mar 23 16:26:51 2006] ...
End report LISTE_AGENTS [Thu Mar 23 16:29:47 2006].

Starting report LISTE_AGENTS [Thu Mar 23 16:34:47 2006] ...
End report LISTE_AGENTS [Thu Mar 23 16:35:24 2006].

Starting report LISTE_AGENTS [Thu Mar 23 16:36:11 2006] ...
End report LISTE_AGENTS [Thu Mar 23 16:37:05 2006].

Starting report Mission [Thu Mar 23 16:43:26 2006] ...
End report Mission [Thu Mar 23 16:44:15 2006].

Starting report Mission [Thu Mar 23 16:45:07 2006] ...
End report Mission [Thu Mar 23 16:45:23 2006].

Starting report Mission [Thu Mar 23 16:45:54 2006] ...
End report Mission [Thu Mar 23 16:46:39 2006].

Starting report Mission [Thu Mar 23 17:06:28 2006] ...
End report Mission [Thu Mar 23 17:06:58 2006].

Starting report MissionA [Mon Mar 27 10:46:28 2006] ...
End report MissionA [Mon Mar 27 10:47:42 2006].

Starting report MissionA [Mon Mar 27 10:54:05 2006] ...
End report MissionA [Mon Mar 27 10:54:43 2006].

Starting report MissionA [Mon Mar 27 10:58:33 2006] ...
End report MissionA [Mon Mar 27 10:58:48 2006].

Starting report MissionA [Mon Mar 27 11:02:25 2006] ...
End report MissionA [Mon Mar 27 11:04:47 2006].

Starting report LISTE_AGENTS [Mon Mar 27 11:06:44 2006] ...
End report LISTE_AGENTS [Mon Mar 27 11:12:02 2006].

Starting report Mission [Mon Mar 27 11:21:38 2006] ...
End report Mission [Mon Mar 27 11:21:55 2006].

Starting report MissionA [Mon Mar 27 11:27:23 2006] ...
End report MissionA [Mon Mar 27 11:27:41 2006].

Starting report MissionA [Mon Mar 27 16:33:56 2006] ...
End report MissionA [Mon Mar 27 16:35:34 2006].

Starting report MissionA [Mon Mar 27 16:36:53 2006] ...
End report MissionA [Mon Mar 27 16:46:02 2006].

Starting report MissionA [Mon Mar 27 16:47:05 2006] ...
End report MissionA [Mon Mar 27 16:47:36 2006].

Starting report MissionA [Mon Mar 27 16:49:12 2006] ...
End report MissionA [Mon Mar 27 16:49:23 2006].

Starting report MissionA [Mon Mar 27 16:54:53 2006] ...
End report MissionA [Mon Mar 27 16:55:05 2006].

Starting report MissionA [Mon Mar 27 16:56:37 2006] ...
End report MissionA [Mon Mar 27 16:56:55 2006].

Starting report MissionA [Mon Mar 27 16:57:26 2006] ...
End report MissionA [Mon Mar 27 16:57:42 2006].

Starting report MissionA [Mon Mar 27 17:01:06 2006] ...
End report MissionA [Mon Mar 27 17:01:23 2006].

Starting report MissionA [Mon Mar 27 17:04:09 2006] ...
End report MissionA [Mon Mar 27 17:04:44 2006].

Starting report MissionA [Mon Mar 27 17:05:37 2006] ...
End report MissionA [Mon Mar 27 17:06:16 2006].

Starting report MissionA [Mon Mar 27 17:07:47 2006] ...
End report MissionA [Mon Mar 27 17:07:59 2006].

Starting report MissionA [Mon Mar 27 17:08:52 2006] ...
End report MissionA [Mon Mar 27 17:09:03 2006].

Starting report MissionA [Mon Mar 27 17:09:46 2006] ...
End report MissionA [Mon Mar 27 17:10:24 2006].

Starting report MissionA [Mon Mar 27 17:11:02 2006] ...
End report MissionA [Mon Mar 27 17:11:29 2006].

Starting report MissionA [Mon Mar 27 17:11:47 2006] ...
End report MissionA [Mon Mar 27 17:12:05 2006].

Starting report MissionA [Mon Mar 27 17:12:25 2006] ...
End report MissionA [Mon Mar 27 17:12:42 2006].

Starting report Mission [Mon Mar 27 17:13:20 2006] ...
End report Mission [Mon Mar 27 17:13:35 2006].

Starting report MissionA [Mon Mar 27 17:13:51 2006] ...
End report MissionA [Mon Mar 27 17:32:12 2006].

Starting report Mission [Mon Mar 27 17:45:16 2006] ...
End report Mission [Mon Mar 27 17:46:34 2006].

Starting report MissionA [Mon Mar 27 17:46:50 2006] ...
End report MissionA [Mon Mar 27 17:47:53 2006].

Starting report LISTE_AGENTS [Tue Mar 28 08:21:21 2006] ...
End report LISTE_AGENTS [Tue Mar 28 08:27:34 2006].

Starting report Mission [Tue Mar 28 08:56:08 2006] ...
End report Mission [Tue Mar 28 08:56:40 2006].

Starting report DMCCS_Mission [Tue Mar 28 08:56:51 2006] ...
End report DMCCS_Mission [Tue Mar 28 08:58:04 2006].

Starting report DMCCS_Mission [Tue Mar 28 10:18:14 2006] ...
End report DMCCS_Mission [Tue Mar 28 10:18:52 2006].

Starting report Mission [Tue Mar 28 16:22:49 2006] ...
End report Mission [Tue Mar 28 16:23:13 2006].

Starting report Mission [Tue Mar 28 16:23:34 2006] ...
End report Mission [Tue Mar 28 16:24:17 2006].

Starting report LISTE_AGENTS [Tue Mar 28 16:30:10 2006] ...
ORA-00942: table or view does not exist
FROM     ops$gepe. ==> signal
End report LISTE_AGENTS [Tue Mar 28 16:30:16 2006].

Starting report LISTE_AGENTS [Tue Mar 28 16:30:23 2006] ...
ORA-00942: table or view does not exist
FROM     ops$gepe. ==> signal
End report LISTE_AGENTS [Tue Mar 28 16:30:25 2006].

Starting report LISTE_AGENTS [Tue Mar 28 16:33:07 2006] ...
End report LISTE_AGENTS [Tue Mar 28 16:51:34 2006].

Starting report Mission [Tue Mar 28 17:28:46 2006] ...
End report Mission [Tue Mar 28 17:33:21 2006].

Starting report Mission [Tue Mar 28 17:33:45 2006] ...
End report Mission [Tue Mar 28 17:37:55 2006].

Starting report Mission [Tue Mar 28 17:55:02 2006] ...
End report Mission [Tue Mar 28 17:55:18 2006].

Starting report MissionA [Wed Mar 29 15:17:41 2006] ...
End report MissionA [Wed Mar 29 15:18:05 2006].

Starting report Mission [Wed Mar 29 15:18:19 2006] ...
End report Mission [Wed Mar 29 15:18:30 2006].

Starting report PIECE_DEPENSE [Thu Mar 30 08:36:42 2006] ...
REP-1401: 'chiffre_lettreformula': Fatal PL/SQL error occurred.
REP-0594: No report output generated.
End report PIECE_DEPENSE [Thu Mar 30 08:36:55 2006].

Starting report PIECE_DEPENSE [Thu Mar 30 08:37:56 2006] ...
REP-1401: 'chiffre_lettreformula': Fatal PL/SQL error occurred.
REP-0594: No report output generated.
End report PIECE_DEPENSE [Thu Mar 30 08:38:02 2006].

Starting report PIECE_DEPENSE [Thu Mar 30 08:40:30 2006] ...
REP-1401: 'chiffre_lettreformula': Fatal PL/SQL error occurred.
REP-0594: No report output generated.
End report PIECE_DEPENSE [Thu Mar 30 08:40:35 2006].

Starting report PIECE_DEPENSE [Thu Mar 30 08:41:41 2006] ...
REP-1401: 'chiffre_lettreformula': Fatal PL/SQL error occurred.
REP-0594: No report output generated.
End report PIECE_DEPENSE [Thu Mar 30 08:41:48 2006].

Starting report PIECE_DEPENSE [Thu Mar 30 08:42:29 2006] ...
REP-1401: 'chiffre_lettreformula': Fatal PL/SQL error occurred.
REP-0594: No report output generated.
End report PIECE_DEPENSE [Thu Mar 30 08:42:39 2006].

Starting report Mission [Thu Mar 30 08:42:58 2006] ...
End report Mission [Thu Mar 30 08:43:09 2006].

Starting report PIECE_DEPENSE [Thu Mar 30 08:43:19 2006] ...
REP-1401: 'chiffre_lettreformula': Fatal PL/SQL error occurred.
REP-0594: No report output generated.
End report PIECE_DEPENSE [Thu Mar 30 08:43:27 2006].

Starting report PIECE_DEPENSE [Thu Mar 30 08:48:00 2006] ...
End report PIECE_DEPENSE [Thu Mar 30 08:48:23 2006].

Starting report PIECE_DEPENSE [Thu Mar 30 08:48:32 2006] ...
End report PIECE_DEPENSE [Thu Mar 30 08:48:38 2006].

Starting report Mission [Thu Mar 30 08:52:53 2006] ...
End report Mission [Thu Mar 30 08:53:02 2006].

Starting report PIECE_DEPENSE [Thu Mar 30 08:53:30 2006] ...
End report PIECE_DEPENSE [Thu Mar 30 08:54:17 2006].

Starting report PIECE_DEPENSE [Thu Mar 30 08:56:27 2006] ...
End report PIECE_DEPENSE [Thu Mar 30 09:05:50 2006].

Starting report LISTE_AGENTS [Thu Mar 30 10:57:32 2006] ...
ORA-00942: table or view does not exist
FROM     ops$gepe. ==> signal
End report LISTE_AGENTS [Thu Mar 30 10:57:34 2006].

Starting report LISTE_AGENTS [Thu Mar 30 10:57:59 2006] ...
End report LISTE_AGENTS [Thu Mar 30 11:09:24 2006].

Starting report DMCCS_Mission [Thu Mar 30 11:12:25 2006] ...
End report DMCCS_Mission [Thu Mar 30 11:12:36 2006].

Starting report DMCCS_Mission [Thu Mar 30 11:12:48 2006] ...
End report DMCCS_Mission [Thu Mar 30 11:15:13 2006].

Starting report DMCCS_Mission [Thu Mar 30 11:27:19 2006] ...
End report DMCCS_Mission [Thu Mar 30 11:27:44 2006].

Starting report Mission [Thu Mar 30 15:08:05 2006] ...
End report Mission [Thu Mar 30 15:08:22 2006].

Starting report Mission [Thu Mar 30 15:10:40 2006] ...
End report Mission [Thu Mar 30 15:11:16 2006].

Starting report Mission [Thu Mar 30 15:11:46 2006] ...
End report Mission [Thu Mar 30 15:11:58 2006].

Starting report Mission [Thu Mar 30 15:12:13 2006] ...
End report Mission [Thu Mar 30 15:12:23 2006].

Starting report Mission [Thu Mar 30 15:12:41 2006] ...
End report Mission [Thu Mar 30 15:12:46 2006].

Starting report Mission [Thu Mar 30 15:13:22 2006] ...
End report Mission [Thu Mar 30 15:13:30 2006].

Starting report Mission [Thu Mar 30 15:13:52 2006] ...
End report Mission [Thu Mar 30 15:13:55 2006].

Starting report Mission [Thu Mar 30 15:28:39 2006] ...
End report Mission [Thu Mar 30 15:29:06 2006].

Starting report Mission [Thu Mar 30 15:39:06 2006] ...
End report Mission [Thu Mar 30 15:40:47 2006].

Starting report Mission [Thu Mar 30 15:44:45 2006] ...
End report Mission [Thu Mar 30 15:46:20 2006].

Starting report Mission [Thu Mar 30 15:48:45 2006] ...
End report Mission [Thu Mar 30 15:49:00 2006].

Starting report Mission [Thu Mar 30 15:56:19 2006] ...
End report Mission [Thu Mar 30 15:56:43 2006].

Starting report Mission [Thu Mar 30 15:57:32 2006] ...
End report Mission [Thu Mar 30 16:00:13 2006].

Starting report Mission [Fri Mar 31 13:53:23 2006] ...
End report Mission [Fri Mar 31 13:53:28 2006].

Starting report DMCCS_Mission [Fri Mar 31 13:53:51 2006] ...
End report DMCCS_Mission [Fri Mar 31 13:53:59 2006].

Starting report Mission [Fri Mar 31 13:54:02 2006] ...
End report Mission [Fri Mar 31 13:54:09 2006].

Starting report DMCCS_Mission [Fri Mar 31 13:59:21 2006] ...
End report DMCCS_Mission [Fri Mar 31 13:59:43 2006].

Starting report B_Mission [Fri Mar 31 14:04:25 2006] ...
End report B_Mission [Fri Mar 31 14:04:33 2006].

Starting report B_Mission [Fri Mar 31 14:05:08 2006] ...
End report B_Mission [Fri Mar 31 14:05:16 2006].

Starting report MissionA [Mon Apr 03 09:33:34 2006] ...
End report MissionA [Mon Apr 03 09:37:48 2006].

Starting report Mission [Mon Apr 03 15:47:42 2006] ...
End report Mission [Mon Apr 03 15:47:55 2006].

Starting report STAT_TR_ENQUETE_BUDGETAIRE [Mon Apr 03 17:27:36 2006] ...
End report STAT_TR_ENQUETE_BUDGETAIRE [Mon Apr 03 18:13:29 2006].

Starting report PIECE_DEPENSE [Wed Apr 05 07:58:04 2006] ...
End report PIECE_DEPENSE [Wed Apr 05 08:24:04 2006].

Starting report PIECE_DEPENSE [Wed Apr 05 08:25:18 2006] ...
End report PIECE_DEPENSE [Wed Apr 05 08:28:22 2006].

Starting report PIECE_DEPENSE [Wed Apr 05 08:28:40 2006] ...
End report PIECE_DEPENSE [Wed Apr 05 08:31:21 2006].

Starting report ETAT_MISSION_A_GENERER [Wed Apr 05 08:43:34 2006] ...
End report ETAT_MISSION_A_GENERER [Wed Apr 05 08:56:15 2006].

Starting report ETAT_MISSION_A_GENERER [Wed Apr 05 08:57:45 2006] ...
End report ETAT_MISSION_A_GENERER [Wed Apr 05 08:57:51 2006].

Starting report ETAT_MISSION_A_GENERER [Wed Apr 05 09:02:44 2006] ...
End report ETAT_MISSION_A_GENERER [Wed Apr 05 09:03:01 2006].

Starting report ETAT_MISSION_A_GENERER [Wed Apr 05 09:03:06 2006] ...
End report ETAT_MISSION_A_GENERER [Wed Apr 05 09:03:14 2006].

Starting report ETAT_MISSION_A_GENERER [Wed Apr 05 09:03:29 2006] ...
End report ETAT_MISSION_A_GENERER [Wed Apr 05 09:04:38 2006].

Starting report ETAT_MISSION_A_GENERER [Wed Apr 05 09:05:09 2006] ...
End report ETAT_MISSION_A_GENERER [Wed Apr 05 09:05:29 2006].

Starting report ETAT_MISSION_A_GENERER [Wed Apr 05 09:08:21 2006] ...
End report ETAT_MISSION_A_GENERER [Wed Apr 05 09:08:34 2006].

Starting report ETAT_MISSION_A_GENERER [Wed Apr 05 09:10:35 2006] ...
End report ETAT_MISSION_A_GENERER [Wed Apr 05 09:11:19 2006].

Starting report ETAT_MISSION_A_GENERER [Wed Apr 05 09:11:20 2006] ...
End report ETAT_MISSION_A_GENERER [Wed Apr 05 09:11:37 2006].

Starting report ETAT_ACCORD_PAIEMENT_DEST [Wed Apr 05 10:02:51 2006] ...
End report ETAT_ACCORD_PAIEMENT_DEST [Wed Apr 05 10:03:02 2006].

Starting report ETAT_ACCORD_PAIEMENT_DEST [Wed Apr 05 10:03:48 2006] ...
End report ETAT_ACCORD_PAIEMENT_DEST [Wed Apr 05 10:03:54 2006].

Starting report ETAT_ACCORD_PAIEMENT_DEST [Wed Apr 05 10:04:20 2006] ...
End report ETAT_ACCORD_PAIEMENT_DEST [Wed Apr 05 10:04:25 2006].

Starting report PIECE_DEPENSE [Wed Apr 05 10:20:13 2006] ...
End report PIECE_DEPENSE [Wed Apr 05 10:29:28 2006].

Starting report PIECE_DEPENSE [Wed Apr 05 11:18:18 2006] ...
End report PIECE_DEPENSE [Wed Apr 05 11:23:11 2006].

Starting report PIECE_DEPENSE [Wed Apr 05 11:24:40 2006] ...
End report PIECE_DEPENSE [Wed Apr 05 11:28:39 2006].

Starting report PIECE_DEPENSE [Wed Apr 05 11:29:33 2006] ...
End report PIECE_DEPENSE [Wed Apr 05 11:33:30 2006].

Starting report PIECE_DEPENSE [Wed Apr 05 11:34:49 2006] ...
REP-1401: 'lettreformula': Fatal PL/SQL error occurred.
REP-0594: No report output generated.
End report PIECE_DEPENSE [Wed Apr 05 11:35:05 2006].

Starting report PIECE_DEPENSE [Wed Apr 05 11:59:18 2006] ...
REP-1401: 'lettreformula': Fatal PL/SQL error occurred.
REP-0594: No report output generated.
End report PIECE_DEPENSE [Wed Apr 05 12:03:05 2006].

Starting report PIECE_DEPENSE [Wed Apr 05 12:09:14 2006] ...
REP-1401: 'lettreformula': Fatal PL/SQL error occurred.
REP-0594: No report output generated.
End report PIECE_DEPENSE [Wed Apr 05 12:10:00 2006].

Starting report PIECE_DEPENSE [Wed Apr 05 12:28:44 2006] ...
End report PIECE_DEPENSE [Wed Apr 05 12:29:02 2006].

Starting report PIECE_DEPENSE [Wed Apr 05 12:29:37 2006] ...
End report PIECE_DEPENSE [Wed Apr 05 12:30:04 2006].

Starting report LISTE_AGENTS [Thu Apr 06 10:13:40 2006] ...
End report LISTE_AGENTS [Thu Apr 06 10:24:55 2006].

Starting report ETAT_MISSION_A_GENERER [Tue Apr 11 16:55:53 2006] ...
End report ETAT_MISSION_A_GENERER [Tue Apr 11 16:57:24 2006].

Starting report PIECE_DEPENSE [Tue Apr 11 17:05:18 2006] ...
End report PIECE_DEPENSE [Tue Apr 11 17:06:30 2006].

Starting report Mission [Wed Apr 12 12:11:33 2006] ...
End report Mission [Wed Apr 12 12:22:25 2006].

Starting report Mission [Wed Apr 12 12:22:33 2006] ...
End report Mission [Wed Apr 12 12:22:49 2006].

Starting report Mission [Wed Apr 12 12:24:44 2006] ...
End report Mission [Wed Apr 12 12:25:00 2006].

Starting report Mission [Wed Apr 12 12:30:19 2006] ...
End report Mission [Wed Apr 12 12:30:45 2006].

Starting report Mission [Thu Apr 20 09:25:55 2006] ...
End report Mission [Thu Apr 20 09:26:15 2006].

Starting report LISTE_AGENTS [Fri Apr 21 10:34:30 2006] ...
End report LISTE_AGENTS [Fri Apr 21 10:36:22 2006].

Starting report MissionA [Mon May 08 11:31:23 2006] ...
End report MissionA [Mon May 08 11:32:53 2006].

Starting report Mission [Tue May 09 15:46:01 2006] ...
End report Mission [Tue May 09 15:49:18 2006].

Starting report Mission [Tue May 09 15:51:52 2006] ...
End report Mission [Tue May 09 15:51:58 2006].

Starting report PIECE_DEPENSE [Tue May 09 15:52:55 2006] ...
End report PIECE_DEPENSE [Tue May 09 15:54:16 2006].

Starting report Mission [Thu May 18 17:05:20 2006] ...
End report Mission [Thu May 18 17:07:14 2006].

Starting report MissionA [Mon May 22 12:07:36 2006] ...
End report MissionA [Mon May 22 12:10:55 2006].

Starting report PIECE_DEPENSE [Tue May 23 12:09:52 2006] ...
End report PIECE_DEPENSE [Tue May 23 12:44:20 2006].

Starting report PIECE_DEPENSE [Wed May 24 08:10:12 2006] ...
End report PIECE_DEPENSE [Wed May 24 08:22:05 2006].

Starting report PIECE_DEPENSE [Wed May 24 08:22:09 2006] ...
End report PIECE_DEPENSE [Wed May 24 08:22:31 2006].

Starting report PIECE_DEPENSE [Wed May 24 08:36:07 2006] ...
REP-1249: Column 'code_chef' has no PL/SQL formula.
End report PIECE_DEPENSE [Wed May 24 08:36:13 2006].

Starting report PIECE_DEPENSE [Wed May 24 08:36:30 2006] ...
End report PIECE_DEPENSE [Wed May 24 08:36:42 2006].

Starting report PIECE_DEPENSE [Wed May 24 08:39:15 2006] ...
End report PIECE_DEPENSE [Wed May 24 08:39:29 2006].

Starting report PIECE_DEPENSE [Wed May 24 08:39:51 2006] ...
End report PIECE_DEPENSE [Wed May 24 08:39:57 2006].

Starting report MissionA [Fri Jun 02 12:12:25 2006] ...
End report MissionA [Fri Jun 02 12:12:38 2006].

Starting report MissionA [Fri Jun 02 12:14:20 2006] ...
End report MissionA [Fri Jun 02 12:14:31 2006].

Starting report MissionA [Fri Jun 02 12:18:15 2006] ...
End report MissionA [Fri Jun 02 12:22:52 2006].

Starting report MissionA [Fri Jun 02 12:23:01 2006] ...
REP-1401: 'signataire_interimformula': Fatal PL/SQL error occurred.
REP-0594: No report output generated.
End report MissionA [Fri Jun 02 12:23:09 2006].

Starting report MissionA [Fri Jun 02 12:26:27 2006] ...
REP-1401: 'signataire_interimformula': Fatal PL/SQL error occurred.
REP-0594: No report output generated.
End report MissionA [Fri Jun 02 12:26:33 2006].

Starting report MissionA [Fri Jun 02 12:30:53 2006] ...
End report MissionA [Fri Jun 02 12:31:01 2006].

Starting report MissionA [Fri Jun 02 12:35:24 2006] ...
End report MissionA [Fri Jun 02 12:35:43 2006].

Starting report MissionA [Fri Jun 02 12:36:19 2006] ...
End report MissionA [Fri Jun 02 12:36:26 2006].

Lancement de l'état REMBOURSEMENT [Wed Jun 28 09:09:08 2006] ...
Fin de l'état REMBOURSEMENT [Wed Jun 28 09:10:02 2006]

Lancement de l'état REMBOURSEMENT [Wed Jun 28 09:12:29 2006] ...
Fin de l'état REMBOURSEMENT [Wed Jun 28 09:12:51 2006]

Lancement de l'état REMBOURSEMENT [Wed Jun 28 09:23:13 2006] ...
Fin de l'état REMBOURSEMENT [Wed Jun 28 09:25:16 2006]

Lancement de l'état Reversement [Wed Jun 28 18:36:30 2006] ...
REP-1306: La source de la colonne récapitulative 'Total_Rever_Montant' n'est pas valide.
Fin de l'état Reversement [Wed Jun 28 18:36:35 2006]

Lancement de l'état Reversement [Wed Jun 28 18:37:24 2006] ...
REP-1203: Le champ 'Compte' fait référence à une colonne non valide.
Fin de l'état Reversement [Wed Jun 28 18:37:28 2006]

Lancement de l'état Reversement [Wed Jun 28 18:39:03 2006] ...
REP-1203: Le champ 'pj' fait référence à une colonne non valide.
Fin de l'état Reversement [Wed Jun 28 18:39:07 2006]

Lancement de l'état Reversement [Wed Jun 28 18:39:51 2006] ...
REP-1401: 'lettreformula': Une erreur fatale PL/SQL s'est produite.
REP-0594: Aucune sortie d'état générée.
Fin de l'état Reversement [Wed Jun 28 18:39:55 2006]

Lancement de l'état Reversement [Thu Jun 29 08:29:07 2006] ...
Fin de l'état Reversement [Thu Jun 29 08:29:44 2006]

Lancement de l'état Reversement [Thu Jun 29 08:43:52 2006] ...
Fin de l'état Reversement [Thu Jun 29 08:44:01 2006]

Lancement de l'état Reversement [Thu Jun 29 08:44:45 2006] ...
Fin de l'état Reversement [Thu Jun 29 08:44:49 2006]

Lancement de l'état Reversement [Thu Jun 29 08:44:51 2006] ...
Fin de l'état Reversement [Thu Jun 29 08:44:54 2006]

Lancement de l'état PIECE_DEPENSE [Thu Jun 29 08:55:22 2006] ...
Fin de l'état PIECE_DEPENSE [Thu Jun 29 08:55:32 2006]

Lancement de l'état PIECE_DEPENSE [Thu Jun 29 08:55:50 2006] ...
Fin de l'état PIECE_DEPENSE [Thu Jun 29 08:56:05 2006]

Lancement de l'état Reversement [Thu Jun 29 10:47:40 2006] ...
REP-1401: 'lettreformula': Une erreur fatale PL/SQL s'est produite.
REP-0594: Aucune sortie d'état générée.
Fin de l'état Reversement [Thu Jun 29 10:48:01 2006]

Lancement de l'état Reversement [Thu Jun 29 10:48:13 2006] ...
Fin de l'état Reversement [Thu Jun 29 10:48:25 2006]

Lancement de l'état Reversement [Thu Jun 29 10:50:53 2006] ...
Fin de l'état Reversement [Thu Jun 29 10:51:12 2006]

Lancement de l'état Reversement [Thu Jun 29 10:54:31 2006] ...
Fin de l'état Reversement [Thu Jun 29 10:56:29 2006]

Lancement de l'état r_sig_info_puissance_th [Fri Jun 30 11:31:22 2006] ...
Fin de l'état r_sig_info_puissance_th [Fri Jun 30 11:34:04 2006]

Lancement de l'état r_sig_info_puissance_th [Fri Jun 30 11:34:15 2006] ...
Fin de l'état r_sig_info_puissance_th [Fri Jun 30 11:35:39 2006]

Lancement de l'état REMBOURSEMENT [Fri Jun 30 11:43:54 2006] ...
Fin de l'état REMBOURSEMENT [Fri Jun 30 11:44:34 2006]

Lancement de l'état B_Mission [Sat Jul 01 14:56:09 2006] ...
Fin de l'état B_Mission [Sat Jul 01 14:58:05 2006]

Lancement de l'état B_Mission [Sat Jul 01 14:58:55 2006] ...
Fin de l'état B_Mission [Sat Jul 01 15:01:08 2006]

Lancement de l'état B_Mission [Sat Jul 01 15:18:21 2006] ...
Fin de l'état B_Mission [Sat Jul 01 15:18:55 2006]

Lancement de l'état Mission_B [Sat Jul 01 15:19:33 2006] ...
Fin de l'état Mission_B [Sat Jul 01 15:19:38 2006]

Lancement de l'état B_Mission [Sat Jul 01 15:21:06 2006] ...
Fin de l'état B_Mission [Sat Jul 01 15:21:31 2006]

Lancement de l'état B_Mission [Sat Jul 01 15:21:47 2006] ...
Fin de l'état B_Mission [Sat Jul 01 15:22:09 2006]

Lancement de l'état B_Mission [Sat Jul 01 15:22:35 2006] ...
Fin de l'état B_Mission [Sat Jul 01 15:22:51 2006]

Lancement de l'état B_Mission [Sat Jul 01 15:33:34 2006] ...
Fin de l'état B_Mission [Sat Jul 01 15:33:49 2006]

Lancement de l'état B_Mission [Sat Jul 01 15:44:48 2006] ...
Fin de l'état B_Mission [Sat Jul 01 15:45:10 2006]

Lancement de l'état Reversement [Mon Jul 03 09:57:07 2006] ...
Fin de l'état Reversement [Mon Jul 03 09:57:21 2006]

Lancement de l'état Reversement [Mon Jul 03 10:21:43 2006] ...
Fin de l'état Reversement [Mon Jul 03 10:21:46 2006]

Lancement de l'état Reversement [Mon Jul 03 10:24:25 2006] ...
Fin de l'état Reversement [Mon Jul 03 10:24:28 2006]

Lancement de l'état Reversement [Mon Jul 03 10:30:25 2006] ...
Fin de l'état Reversement [Mon Jul 03 10:30:30 2006]

Lancement de l'état Mission [Mon Jul 03 15:46:01 2006] ...
Fin de l'état Mission [Mon Jul 03 15:48:26 2006]

Lancement de l'état Mission [Mon Jul 03 15:48:30 2006] ...
Fin de l'état Mission [Mon Jul 03 15:48:49 2006]

Lancement de l'état Mission [Mon Jul 03 15:48:56 2006] ...
Fin de l'état Mission [Mon Jul 03 15:49:07 2006]

Lancement de l'état Mission [Mon Jul 03 15:50:34 2006] ...
Fin de l'état Mission [Mon Jul 03 15:50:47 2006]

Lancement de l'état Mission [Mon Jul 03 15:52:33 2006] ...
Fin de l'état Mission [Mon Jul 03 15:52:56 2006]

Lancement de l'état Mission [Mon Jul 03 15:53:46 2006] ...
Fin de l'état Mission [Mon Jul 03 15:54:49 2006]

Starting report ETAT_ACCORD_PAIEMENT_DEST [Mon Jul 24 15:47:22 2006] ...
End report ETAT_ACCORD_PAIEMENT_DEST [Mon Jul 24 15:47:32 2006].

Starting report SITUATION_COMPTES [Mon Jul 24 15:50:00 2006] ...
End report SITUATION_COMPTES [Mon Jul 24 15:50:07 2006].

Starting report SITUATION_COMPTES [Mon Jul 24 15:50:15 2006] ...
End report SITUATION_COMPTES [Mon Jul 24 15:50:31 2006].

Starting report SITUATION_COMPTES [Mon Jul 24 15:52:20 2006] ...
End report SITUATION_COMPTES [Mon Jul 24 15:52:28 2006].

Starting report SITUATION_REVERSEMENTS [Mon Jul 24 15:53:08 2006] ...
End report SITUATION_REVERSEMENTS [Mon Jul 24 15:53:12 2006].

Starting report SITUATION_REVERSEMENTS [Mon Jul 24 15:53:18 2006] ...
End report SITUATION_REVERSEMENTS [Mon Jul 24 15:53:25 2006].

Starting report SITUATION_REVERSEMENTS [Mon Jul 24 15:55:04 2006] ...
End report SITUATION_REVERSEMENTS [Mon Jul 24 15:55:09 2006].

Starting report SITUATION_COMPTES [Mon Jul 24 16:00:00 2006] ...
End report SITUATION_COMPTES [Mon Jul 24 16:00:15 2006].

Starting report SITUATION_COMPTES [Mon Jul 24 16:02:25 2006] ...
REP-0099: Report is aborted upon user request.
REP-0098: Report not run - user cancelled in the parameter form.
End report SITUATION_COMPTES [Mon Jul 24 16:02:31 2006].

Starting report SITUATION_COMPTES [Mon Jul 24 16:03:12 2006] ...
End report SITUATION_COMPTES [Mon Jul 24 16:03:46 2006].

Starting report SITUATION_COMPTES [Mon Jul 24 16:17:36 2006] ...
End report SITUATION_COMPTES [Mon Jul 24 16:17:40 2006].

Starting report SITUATION_COMPTES [Mon Jul 24 16:17:52 2006] ...
End report SITUATION_COMPTES [Mon Jul 24 16:17:59 2006].

Starting report SITUATION_REVERSEMENTS [Mon Jul 24 16:18:09 2006] ...
End report SITUATION_REVERSEMENTS [Mon Jul 24 16:18:12 2006].

Starting report LISTE_AGENTS [Mon Jul 24 16:20:12 2006] ...
End report LISTE_AGENTS [Mon Jul 24 16:24:30 2006].

Starting report SITUATION_REVERSEMENTS [Mon Jul 24 16:24:49 2006] ...
End report SITUATION_REVERSEMENTS [Mon Jul 24 16:24:52 2006].

Starting report SITUATION_REVERSEMENTS [Mon Jul 24 16:26:48 2006] ...
ORA-01722: invalid number
WHERE to_date(to_char(rever_date_create,'dd/mm/yyyy')) BETWEEN to_date(:date_debut,'dd/mm/yyyy')  and to_date(to_char(:date_fin ==> ,'dd/mm/yyyy')) 
REP-0594: No report output generated.
End report SITUATION_REVERSEMENTS [Mon Jul 24 16:26:59 2006].

Starting report SITUATION_REVERSEMENTS [Mon Jul 24 16:28:37 2006] ...
End report SITUATION_REVERSEMENTS [Mon Jul 24 16:28:51 2006].

Starting report SITUATION_REVERSEMENTS [Mon Jul 24 16:31:13 2006] ...
End report SITUATION_REVERSEMENTS [Mon Jul 24 16:31:21 2006].

Starting report SITUATION_REVERSEMENTS [Mon Jul 24 16:39:13 2006] ...
End report SITUATION_REVERSEMENTS [Mon Jul 24 16:39:20 2006].

Starting report SITUATION_COMPTES [Mon Jul 24 16:39:33 2006] ...
End report SITUATION_COMPTES [Mon Jul 24 16:43:32 2006].

Starting report Reversement [Fri Aug 04 16:51:20 2006] ...
End report Reversement [Fri Aug 04 16:51:33 2006].

Starting report REMBOURSEMENT [Fri Aug 04 17:38:25 2006] ...
End report REMBOURSEMENT [Fri Aug 04 17:40:22 2006].

Starting report REMBOURSEMENT [Fri Aug 04 17:40:33 2006] ...
End report REMBOURSEMENT [Fri Aug 04 17:40:36 2006].

Starting report MISSION_CHAUFFEUR [Thu Aug 17 16:57:35 2006] ...
End report MISSION_CHAUFFEUR [Thu Aug 17 16:58:05 2006].

Starting report MISSION_CHAUFFEUR [Thu Aug 17 16:58:48 2006] ...
End report MISSION_CHAUFFEUR [Thu Aug 17 16:58:53 2006].

Starting report NE_MISSION_CHAUFFEUR [Thu Aug 17 16:58:59 2006] ...
End report NE_MISSION_CHAUFFEUR [Thu Aug 17 16:59:10 2006].

Starting report NE_MISSION_CHAUFFEUR [Thu Aug 17 17:04:17 2006] ...
End report NE_MISSION_CHAUFFEUR [Thu Aug 17 17:05:25 2006].

Starting report PIECE_DEPENSE [Fri Sep 15 17:18:05 2006] ...
End report PIECE_DEPENSE [Fri Sep 15 17:18:19 2006].

Starting report PIECE_DEPENSE [Wed Jan 28 10:46:09 2009] ...
End report PIECE_DEPENSE [Wed Jan 28 10:46:21 2009].

Starting report PIECE_DEPENSE [Wed Jan 28 10:46:47 2009] ...
End report PIECE_DEPENSE [Wed Jan 28 10:46:55 2009].

Starting report PIECE_DEPENSE [Wed Jan 28 10:46:58 2009] ...
End report PIECE_DEPENSE [Wed Jan 28 10:47:02 2009].
